<?xml version="1.0" encoding="utf-8"?><testsuites name="pytest tests"><testsuite name="pytest" errors="0" failures="0" skipped="0" tests="19" time="5.005" timestamp="2026-04-13T09:28:08.052905+00:00" hostname="agent-env-5eb0a3d9-aa05-44c4-8ed7-4ccd223ff64c"><testcase classname="tests.test_beat515_api.TestHealth" name="test_backend_reachable" time="0.282" /><testcase classname="tests.test_beat515_api.TestAuth" name="test_login_admin_success" time="0.366" /><testcase classname="tests.test_beat515_api.TestAuth" name="test_login_dj_success" time="0.365" /><testcase classname="tests.test_beat515_api.TestAuth" name="test_login_editor_success" time="0.334" /><testcase classname="tests.test_beat515_api.TestAuth" name="test_login_invalid_credentials" time="0.322" /><testcase classname="tests.test_beat515_api.TestAuth" name="test_register_new_listener" time="0.328" /><testcase classname="tests.test_beat515_api.TestAuth" name="test_register_duplicate_email" time="0.160" /><testcase classname="tests.test_beat515_api.TestNews" name="test_get_news_list" time="0.102" /><testcase classname="tests.test_beat515_api.TestNews" name="test_get_news_by_id" time="0.222" /><testcase classname="tests.test_beat515_api.TestNews" name="test_get_news_by_category" time="0.099" /><testcase classname="tests.test_beat515_api.TestNowPlaying" name="test_get_now_playing" time="0.111" /><testcase classname="tests.test_beat515_api.TestShows" name="test_get_shows_list" time="0.105" /><testcase classname="tests.test_beat515_api.TestSongRequests" name="test_create_song_request" time="0.442" /><testcase classname="tests.test_beat515_api.TestSongRequests" name="test_get_requests_list" time="0.147" /><testcase classname="tests.test_beat515_api.TestSongRequests" name="test_create_request_without_auth" time="0.159" /><testcase classname="tests.test_beat515_api.TestAdminEndpoints" name="test_get_admin_stats" time="0.429" /><testcase classname="tests.test_beat515_api.TestAdminEndpoints" name="test_admin_stats_requires_admin_role" time="0.414" /><testcase classname="tests.test_beat515_api.TestAdminEndpoints" name="test_get_admin_users_list" time="0.424" /><testcase classname="tests.test_beat515_api.TestStreamConfig" name="test_get_stream_config" time="0.100" /></testsuite></testsuites>