<?xml version="1.0" encoding="utf-8"?><testsuites name="pytest tests"><testsuite name="pytest" errors="0" failures="0" skipped="0" tests="14" time="9.970" timestamp="2026-04-13T09:47:47.998609+00:00" hostname="agent-env-5eb0a3d9-aa05-44c4-8ed7-4ccd223ff64c"><testcase classname="tests.test_rewards_api.TestRewardsPublicEndpoints" name="test_get_rewards_catalog" time="0.156" /><testcase classname="tests.test_rewards_api.TestRewardsPublicEndpoints" name="test_get_leaderboard" time="0.108" /><testcase classname="tests.test_rewards_api.TestRewardsAuthenticatedEndpoints" name="test_get_my_points_new_user" time="0.442" /><testcase classname="tests.test_rewards_api.TestRewardsAuthenticatedEndpoints" name="test_get_my_points_requires_auth" time="0.104" /><testcase classname="tests.test_rewards_api.TestRewardsAuthenticatedEndpoints" name="test_get_my_history_new_user" time="0.438" /><testcase classname="tests.test_rewards_api.TestRewardsAuthenticatedEndpoints" name="test_daily_check_in" time="0.651" /><testcase classname="tests.test_rewards_api.TestRewardsAuthenticatedEndpoints" name="test_daily_check_in_duplicate_same_day" time="0.547" /><testcase classname="tests.test_rewards_api.TestRewardsAuthenticatedEndpoints" name="test_check_in_requires_auth" time="0.105" /><testcase classname="tests.test_rewards_api.TestPointsAutoEarning" name="test_song_request_awards_10_points" time="1.245" /><testcase classname="tests.test_rewards_api.TestPointsAutoEarning" name="test_chat_message_awards_5_points" time="0.778" /><testcase classname="tests.test_rewards_api.TestRewardRedemption" name="test_redeem_reward_success" time="1.392" /><testcase classname="tests.test_rewards_api.TestRewardRedemption" name="test_redeem_insufficient_points" time="2.560" /><testcase classname="tests.test_rewards_api.TestRewardRedemption" name="test_redeem_invalid_reward" time="1.139" /><testcase classname="tests.test_rewards_api.TestRewardRedemption" name="test_redeem_requires_auth" time="0.212" /></testsuite></testsuites>